android/app/build/intermediates/manifest_merge_blame_file/release/manifest-merger-blame-release-report.txt
1<?xml version="1.0" encoding="utf-8"?>
2<manifest xmlns:android="http://schemas.android.com/apk/res/android"
3    package="com.delivery"
4    android:versionCode="1"
5    android:versionName="1.0" >
6
7    <uses-sdk
8        android:minSdkVersion="21"
8-->src/main/AndroidManifest.xml
9        android:targetSdkVersion="27" />
9-->src/main/AndroidManifest.xml
10
11    <uses-permission android:name="android.permission.INTERNET" />
11-->src/main/AndroidManifest.xml:4:5-67
11-->src/main/AndroidManifest.xml:4:22-64
12    <uses-permission android:name="android.permission.VIBRATE" />
12-->src/main/AndroidManifest.xml:5:5-65
12-->src/main/AndroidManifest.xml:5:22-63
13    <uses-permission android:name="android.permission.CAMERA" />
13-->src/main/AndroidManifest.xml:6:5-65
13-->src/main/AndroidManifest.xml:6:22-62
14    <uses-permission android:name="android.permission.RECORD_AUDIO" />
14-->src/main/AndroidManifest.xml:7:5-70
14-->src/main/AndroidManifest.xml:7:22-68
15    <uses-permission android:name="android.permission.READ_EXTERNAL_STORAGE" />
15-->src/main/AndroidManifest.xml:8:5-80
15-->src/main/AndroidManifest.xml:8:22-77
16    <uses-permission android:name="android.permission.WRITE_EXTERNAL_STORAGE" />
16-->src/main/AndroidManifest.xml:9:5-81
16-->src/main/AndroidManifest.xml:9:22-78
17
18    <uses-feature
18-->src/main/AndroidManifest.xml:10:5-85
19        android:name="android.hardware.camera"
19-->src/main/AndroidManifest.xml:10:19-57
20        android:required="false" />
20-->src/main/AndroidManifest.xml:10:58-82
21    <uses-feature
21-->src/main/AndroidManifest.xml:11:5-91
22        android:name="android.hardware.camera.front"
22-->src/main/AndroidManifest.xml:11:19-63
23        android:required="false" />
23-->src/main/AndroidManifest.xml:11:64-88
24    <uses-feature
24-->[:react-native-camera] AndroidManifest.xml:14:5-16:36
25        android:name="android.hardware.camera.autofocus"
25-->[:react-native-camera] AndroidManifest.xml:15:9-57
26        android:required="false" />
26-->[:react-native-camera] AndroidManifest.xml:16:9-33
27
28    <queries>
28-->[:react-native-image-crop-picker] AndroidManifest.xml:9:5-13:15
29        <intent>
29-->[:react-native-image-crop-picker] AndroidManifest.xml:10:9-12:18
30            <action android:name="android.media.action.IMAGE_CAPTURE" />
30-->[:react-native-image-crop-picker] AndroidManifest.xml:11:13-73
30-->[:react-native-image-crop-picker] AndroidManifest.xml:11:21-70
31        </intent>
32    </queries> <!-- Although the *SdkVersion is captured in gradle build files, this is required for non gradle builds -->
33    <!-- <uses-sdk android:minSdkVersion="14"/> -->
34    <uses-permission android:name="android.permission.ACCESS_NETWORK_STATE" /> <!-- 5j2jduk -->
34-->[com.google.android.datatransport:transport-backend-cct:2.3.3] AndroidManifest.xml:25:5-79
34-->[com.google.android.datatransport:transport-backend-cct:2.3.3] AndroidManifest.xml:25:22-76
35    <application
35-->src/main/AndroidManifest.xml:15:5-33:19
36        android:name="com.delivery.MainApplication"
36-->src/main/AndroidManifest.xml:16:7-38
37        android:allowBackup="false"
37-->src/main/AndroidManifest.xml:20:7-34
38        android:appComponentFactory="androidx.core.app.CoreComponentFactory"
38-->[androidx.core:core:1.5.0] AndroidManifest.xml:24:18-86
39        android:icon="@mipmap/ic_launcher"
39-->src/main/AndroidManifest.xml:18:7-41
40        android:label="@string/app_name"
40-->src/main/AndroidManifest.xml:17:7-39
41        android:roundIcon="@mipmap/ic_launcher_round"
41-->src/main/AndroidManifest.xml:19:7-52
42        android:theme="@style/AppTheme" >
42-->src/main/AndroidManifest.xml:21:7-38
43        <activity
43-->src/main/AndroidManifest.xml:22:7-32:18
44            android:name="com.delivery.MainActivity"
44-->src/main/AndroidManifest.xml:23:9-37
45            android:configChanges="keyboard|keyboardHidden|orientation|screenSize|uiMode"
45-->src/main/AndroidManifest.xml:25:9-86
46            android:label="@string/app_name"
46-->src/main/AndroidManifest.xml:24:9-41
47            android:launchMode="singleTask"
47-->src/main/AndroidManifest.xml:26:9-40
48            android:windowSoftInputMode="adjustResize" >
48-->src/main/AndroidManifest.xml:27:9-51
49            <intent-filter>
49-->src/main/AndroidManifest.xml:28:9-31:25
50                <action android:name="android.intent.action.MAIN" />
50-->src/main/AndroidManifest.xml:29:13-65
50-->src/main/AndroidManifest.xml:29:21-62
51
52                <category android:name="android.intent.category.LAUNCHER" />
52-->src/main/AndroidManifest.xml:30:13-73
52-->src/main/AndroidManifest.xml:30:23-70
53            </intent-filter>
54        </activity>
55
56        <provider
56-->[:react-native-image-crop-picker] AndroidManifest.xml:18:9-26:20
57            android:name="androidx.core.content.FileProvider"
57-->[:react-native-image-crop-picker] AndroidManifest.xml:19:13-62
58            android:authorities="com.delivery.provider"
58-->[:react-native-image-crop-picker] AndroidManifest.xml:20:13-60
59            android:exported="false"
59-->[:react-native-image-crop-picker] AndroidManifest.xml:21:13-37
60            android:grantUriPermissions="true" >
60-->[:react-native-image-crop-picker] AndroidManifest.xml:22:13-47
61            <meta-data
61-->[:react-native-image-crop-picker] AndroidManifest.xml:23:13-25:58
62                android:name="android.support.FILE_PROVIDER_PATHS"
62-->[:react-native-image-crop-picker] AndroidManifest.xml:24:17-67
63                android:resource="@xml/provider_paths" />
63-->[:react-native-image-crop-picker] AndroidManifest.xml:25:17-55
64        </provider>
65
66        <activity
66-->[:react-native-image-crop-picker] AndroidManifest.xml:28:9-30:72
67            android:name="com.yalantis.ucrop.UCropActivity"
67-->[:react-native-image-crop-picker] AndroidManifest.xml:29:13-60
68            android:theme="@style/Theme.AppCompat.Light.NoActionBar" />
68-->[:react-native-image-crop-picker] AndroidManifest.xml:30:13-69
69
70        <provider
70-->[:react-native-image-picker] AndroidManifest.xml:10:9-18:20
71            android:name="com.imagepicker.ImagePickerProvider"
71-->[:react-native-image-picker] AndroidManifest.xml:11:13-63
72            android:authorities="com.delivery.imagepickerprovider"
72-->[:react-native-image-picker] AndroidManifest.xml:12:13-71
73            android:exported="false"
73-->[:react-native-image-picker] AndroidManifest.xml:13:13-37
74            android:grantUriPermissions="true" >
74-->[:react-native-image-picker] AndroidManifest.xml:14:13-47
75            <meta-data
75-->[:react-native-image-crop-picker] AndroidManifest.xml:23:13-25:58
76                android:name="android.support.FILE_PROVIDER_PATHS"
76-->[:react-native-image-crop-picker] AndroidManifest.xml:24:17-67
77                android:resource="@xml/imagepicker_provider_paths" />
77-->[:react-native-image-crop-picker] AndroidManifest.xml:25:17-55
78        </provider>
79
80        <service
80-->[com.google.android.gms:play-services-mlkit-barcode-scanning:16.2.0] AndroidManifest.xml:9:9-15:19
81            android:name="com.google.mlkit.common.internal.MlKitComponentDiscoveryService"
81-->[com.google.android.gms:play-services-mlkit-barcode-scanning:16.2.0] AndroidManifest.xml:10:13-91
82            android:directBootAware="true"
82-->[com.google.mlkit:common:17.2.0] AndroidManifest.xml:17:13-43
83            android:exported="false" >
83-->[com.google.android.gms:play-services-mlkit-barcode-scanning:16.2.0] AndroidManifest.xml:11:13-37
84            <meta-data
84-->[com.google.android.gms:play-services-mlkit-barcode-scanning:16.2.0] AndroidManifest.xml:12:13-14:85
85                android:name="com.google.firebase.components:com.google.mlkit.vision.barcode.internal.BarcodeRegistrar"
85-->[com.google.android.gms:play-services-mlkit-barcode-scanning:16.2.0] AndroidManifest.xml:13:17-120
86                android:value="com.google.firebase.components.ComponentRegistrar" />
86-->[com.google.android.gms:play-services-mlkit-barcode-scanning:16.2.0] AndroidManifest.xml:14:17-82
87            <meta-data
87-->[com.google.android.gms:play-services-mlkit-face-detection:16.2.0] AndroidManifest.xml:12:13-14:85
88                android:name="com.google.firebase.components:com.google.mlkit.vision.face.internal.FaceRegistrar"
88-->[com.google.android.gms:play-services-mlkit-face-detection:16.2.0] AndroidManifest.xml:13:17-114
89                android:value="com.google.firebase.components.ComponentRegistrar" />
89-->[com.google.android.gms:play-services-mlkit-face-detection:16.2.0] AndroidManifest.xml:14:17-82
90            <meta-data
90-->[com.google.android.gms:play-services-mlkit-text-recognition:16.3.0] AndroidManifest.xml:12:13-14:85
91                android:name="com.google.firebase.components:com.google.mlkit.vision.text.internal.TextRegistrar"
91-->[com.google.android.gms:play-services-mlkit-text-recognition:16.3.0] AndroidManifest.xml:13:17-114
92                android:value="com.google.firebase.components.ComponentRegistrar" />
92-->[com.google.android.gms:play-services-mlkit-text-recognition:16.3.0] AndroidManifest.xml:14:17-82
93            <meta-data
93-->[com.google.mlkit:vision-common:16.5.0] AndroidManifest.xml:12:13-14:85
94                android:name="com.google.firebase.components:com.google.mlkit.vision.common.internal.VisionCommonRegistrar"
94-->[com.google.mlkit:vision-common:16.5.0] AndroidManifest.xml:13:17-124
95                android:value="com.google.firebase.components.ComponentRegistrar" />
95-->[com.google.mlkit:vision-common:16.5.0] AndroidManifest.xml:14:17-82
96            <meta-data
96-->[com.google.mlkit:common:17.2.0] AndroidManifest.xml:20:13-22:85
97                android:name="com.google.firebase.components:com.google.mlkit.common.internal.CommonComponentRegistrar"
97-->[com.google.mlkit:common:17.2.0] AndroidManifest.xml:21:17-120
98                android:value="com.google.firebase.components.ComponentRegistrar" />
98-->[com.google.mlkit:common:17.2.0] AndroidManifest.xml:22:17-82
99        </service>
100
101        <provider
101-->[com.google.mlkit:common:17.2.0] AndroidManifest.xml:9:9-13:38
102            android:name="com.google.mlkit.common.internal.MlKitInitProvider"
102-->[com.google.mlkit:common:17.2.0] AndroidManifest.xml:10:13-78
103            android:authorities="com.delivery.mlkitinitprovider"
103-->[com.google.mlkit:common:17.2.0] AndroidManifest.xml:11:13-69
104            android:exported="false"
104-->[com.google.mlkit:common:17.2.0] AndroidManifest.xml:12:13-37
105            android:initOrder="99" />
105-->[com.google.mlkit:common:17.2.0] AndroidManifest.xml:13:13-35
106
107        <service
107-->[com.google.android.datatransport:transport-backend-cct:2.3.3] AndroidManifest.xml:29:9-35:19
108            android:name="com.google.android.datatransport.runtime.backends.TransportBackendDiscovery"
108-->[com.google.android.datatransport:transport-backend-cct:2.3.3] AndroidManifest.xml:30:13-103
109            android:exported="false" >
109-->[com.google.android.datatransport:transport-backend-cct:2.3.3] AndroidManifest.xml:31:13-37
110            <meta-data
110-->[com.google.android.datatransport:transport-backend-cct:2.3.3] AndroidManifest.xml:32:13-34:39
111                android:name="backend:com.google.android.datatransport.cct.CctBackendFactory"
111-->[com.google.android.datatransport:transport-backend-cct:2.3.3] AndroidManifest.xml:33:17-94
112                android:value="cct" />
112-->[com.google.android.datatransport:transport-backend-cct:2.3.3] AndroidManifest.xml:34:17-36
113        </service>
114        <service
114-->[com.google.android.datatransport:transport-runtime:2.2.6] AndroidManifest.xml:26:9-30:19
115            android:name="com.google.android.datatransport.runtime.scheduling.jobscheduling.JobInfoSchedulerService"
115-->[com.google.android.datatransport:transport-runtime:2.2.6] AndroidManifest.xml:27:13-117
116            android:exported="false"
116-->[com.google.android.datatransport:transport-runtime:2.2.6] AndroidManifest.xml:28:13-37
117            android:permission="android.permission.BIND_JOB_SERVICE" >
117-->[com.google.android.datatransport:transport-runtime:2.2.6] AndroidManifest.xml:29:13-69
118        </service>
119
120        <receiver
120-->[com.google.android.datatransport:transport-runtime:2.2.6] AndroidManifest.xml:32:9-34:40
121            android:name="com.google.android.datatransport.runtime.scheduling.jobscheduling.AlarmManagerSchedulerBroadcastReceiver"
121-->[com.google.android.datatransport:transport-runtime:2.2.6] AndroidManifest.xml:33:13-132
122            android:exported="false" />
122-->[com.google.android.datatransport:transport-runtime:2.2.6] AndroidManifest.xml:34:13-37
123
124        <activity
124-->[com.google.android.gms:play-services-base:17.6.0] AndroidManifest.xml:23:9-26:75
125            android:name="com.google.android.gms.common.api.GoogleApiActivity"
125-->[com.google.android.gms:play-services-base:17.6.0] AndroidManifest.xml:24:13-79
126            android:exported="false"
126-->[com.google.android.gms:play-services-base:17.6.0] AndroidManifest.xml:25:13-37
127            android:theme="@android:style/Theme.Translucent.NoTitleBar" />
127-->[com.google.android.gms:play-services-base:17.6.0] AndroidManifest.xml:26:13-72
128
129        <meta-data
129-->[com.google.android.gms:play-services-basement:17.6.0] AndroidManifest.xml:23:9-25:69
130            android:name="com.google.android.gms.version"
130-->[com.google.android.gms:play-services-basement:17.6.0] AndroidManifest.xml:24:13-58
131            android:value="@integer/google_play_services_version" />
131-->[com.google.android.gms:play-services-basement:17.6.0] AndroidManifest.xml:25:13-66
132    </application>
133
134</manifest>